{"D:\\BACKEND\\SOFTDEVCOURSE\\JavaScript\\SoftwareDevCourse\\weatherApp\\app\\src\\util.js": {"path":"D:\\BACKEND\\SOFTDEVCOURSE\\JavaScript\\SoftwareDevCourse\\weatherApp\\app\\src\\util.js","statementMap":{"0":{"start":{"line":5,"column":4},"end":{"line":7,"column":5}},"1":{"start":{"line":6,"column":8},"end":{"line":6,"column":17}},"2":{"start":{"line":9,"column":4},"end":{"line":11,"column":5}},"3":{"start":{"line":10,"column":8},"end":{"line":10,"column":59}},"4":{"start":{"line":13,"column":4},"end":{"line":15,"column":5}},"5":{"start":{"line":14,"column":8},"end":{"line":14,"column":43}},"6":{"start":{"line":17,"column":4},"end":{"line":17,"column":56}}},"fnMap":{"0":{"name":"getRandomArbitrary","decl":{"start":{"line":3,"column":16},"end":{"line":3,"column":34}},"loc":{"start":{"line":3,"column":45},"end":{"line":18,"column":1}},"line":3}},"branchMap":{"0":{"loc":{"start":{"line":5,"column":4},"end":{"line":7,"column":5}},"type":"if","locations":[{"start":{"line":5,"column":4},"end":{"line":7,"column":5}},{"start":{},"end":{}}],"line":5},"1":{"loc":{"start":{"line":5,"column":7},"end":{"line":5,"column":19}},"type":"binary-expr","locations":[{"start":{"line":5,"column":7},"end":{"line":5,"column":11}},{"start":{"line":5,"column":15},"end":{"line":5,"column":19}}],"line":5},"2":{"loc":{"start":{"line":9,"column":4},"end":{"line":11,"column":5}},"type":"if","locations":[{"start":{"line":9,"column":4},"end":{"line":11,"column":5}},{"start":{},"end":{}}],"line":9},"3":{"loc":{"start":{"line":13,"column":4},"end":{"line":15,"column":5}},"type":"if","locations":[{"start":{"line":13,"column":4},"end":{"line":15,"column":5}},{"start":{},"end":{}}],"line":13}},"s":{"0":8,"1":1,"2":7,"3":1,"4":6,"5":2,"6":4},"f":{"0":8},"b":{"0":[1,7],"1":[8,7],"2":[1,6],"3":[2,4]},"_coverageSchema":"1a1c01bbd47fc00a2c39e90264f33305004495a9","hash":"58494c43a08646d12b7eb1f678b715300a1eb2f5"}
}
